<?xml version="1.0" encoding="UTF-8"?>
<!-- Generated by org.testng.reporters.JUnitReportReporter -->
<testsuite hostname="DESKTOP-VC1LEOH" failures="0" tests="1" name="inadevproj.Inadev1" time="5.040" errors="0" timestamp="2023-09-24T06:56:12 PDT" skipped="0">
  <testcase classname="inadevproj.Inadev1" name="opendriver" time="5.040"/>
</testsuite> <!-- inadevproj.Inadev1 -->
