<?xml version="1.0" encoding="UTF-8"?>
<!-- Generated by org.testng.reporters.JUnitReportReporter -->
<testsuite hostname="DESKTOP-VC1LEOH" failures="0" tests="2" name="testngproject1.TestNgclass1" time="12.149" errors="0" timestamp="2023-07-21T05:50:53 PDT" skipped="0">
  <testcase classname="testngproject1.TestNgclass1" name="openingCnbcSite" time="4.626"/>
  <testcase classname="testngproject1.TestNgclass1" name="openingAmazonSite" time="7.523"/>
</testsuite> <!-- testngproject1.TestNgclass1 -->
