<?xml version="1.0" encoding="UTF-8"?>
<!-- Generated by org.testng.reporters.JUnitReportReporter -->
<testsuite hostname="DESKTOP-VC1LEOH" failures="0" tests="3" name="testngproject1.TestNgclass2" time="0.011" errors="0" timestamp="2023-07-21T06:03:22 PDT" skipped="0">
  <testcase classname="testngproject1.TestNgclass2" name="pressLogin" time="0.002"/>
  <testcase classname="testngproject1.TestNgclass2" name="openWebsite" time="0.001"/>
  <testcase classname="testngproject1.TestNgclass2" name="enterData" time="0.008"/>
</testsuite> <!-- testngproject1.TestNgclass2 -->
