<?xml version="1.0" encoding="UTF-8"?>
<!-- Generated by org.testng.reporters.JUnitReportReporter -->
<testsuite hostname="DESKTOP-VC1LEOH" failures="0" tests="1" name="testngproject2.Practice1" time="0.008" errors="0" timestamp="2023-07-23T20:03:54 PDT" skipped="0">
  <testcase classname="testngproject2.Practice1" name="f" time="0.008"/>
</testsuite> <!-- testngproject2.Practice1 -->
